19:33:03.788 3414 [main] INFO  main.Application - Starting Application on MacBook-Air-MacBook-2.local with PID 6270 (/Users/macbook/Dropbox/Projects/IdeaProjects/My/Spring/target/Spring.jar started by macbook in /Users/macbook/Dropbox/Projects/IdeaProjects/My/Spring/target)
19:33:03.820 3446 [main] INFO  main.Application - No active profile set, falling back to default profiles: default
19:33:04.214 3840 [main] INFO  o.s.b.c.e.AnnotationConfigEmbeddedWebApplicationContext - Refreshing org.springframework.boot.context.embedded.AnnotationConfigEmbeddedWebApplicationContext@634954e2: startup date [Thu Jan 05 19:33:04 EET 2017]; root of context hierarchy
19:33:06.718 6344 [background-preinit] INFO  o.h.validator.internal.util.Version - HV000001: Hibernate Validator 5.2.4.Final
19:33:11.115 10741 [main] INFO  o.s.b.f.a.AutowiredAnnotationBeanPostProcessor - JSR-330 'javax.inject.Inject' annotation found and supported for autowiring
19:33:11.705 11331 [main] INFO  o.s.c.s.PostProcessorRegistrationDelegate$BeanPostProcessorChecker - Bean 'org.springframework.security.config.annotation.configuration.ObjectPostProcessorConfiguration' of type [class org.springframework.security.config.annotation.configuration.ObjectPostProcessorConfiguration$$EnhancerBySpringCGLIB$$72db47f3] is not eligible for getting processed by all BeanPostProcessors (for example: not eligible for auto-proxying)
19:33:11.790 11416 [main] INFO  o.s.c.s.PostProcessorRegistrationDelegate$BeanPostProcessorChecker - Bean 'objectPostProcessor' of type [class org.springframework.security.config.annotation.configuration.AutowireBeanFactoryObjectPostProcessor] is not eligible for getting processed by all BeanPostProcessors (for example: not eligible for auto-proxying)
19:33:11.795 11421 [main] INFO  o.s.c.s.PostProcessorRegistrationDelegate$BeanPostProcessorChecker - Bean 'org.springframework.security.access.expression.method.DefaultMethodSecurityExpressionHandler@2ed23a51' of type [class org.springframework.security.access.expression.method.DefaultMethodSecurityExpressionHandler] is not eligible for getting processed by all BeanPostProcessors (for example: not eligible for auto-proxying)
19:33:11.858 11484 [main] INFO  o.s.c.s.PostProcessorRegistrationDelegate$BeanPostProcessorChecker - Bean 'org.springframework.security.config.annotation.method.configuration.GlobalMethodSecurityConfiguration' of type [class org.springframework.security.config.annotation.method.configuration.GlobalMethodSecurityConfiguration$$EnhancerBySpringCGLIB$$97afeaa5] is not eligible for getting processed by all BeanPostProcessors (for example: not eligible for auto-proxying)
19:33:11.926 11552 [main] INFO  o.s.c.s.PostProcessorRegistrationDelegate$BeanPostProcessorChecker - Bean 'methodSecurityMetadataSource' of type [class org.springframework.security.access.method.DelegatingMethodSecurityMetadataSource] is not eligible for getting processed by all BeanPostProcessors (for example: not eligible for auto-proxying)
19:33:12.034 11660 [main] INFO  o.s.c.s.PostProcessorRegistrationDelegate$BeanPostProcessorChecker - Bean 'org.springframework.transaction.annotation.ProxyTransactionManagementConfiguration' of type [class org.springframework.transaction.annotation.ProxyTransactionManagementConfiguration$$EnhancerBySpringCGLIB$$da2d7fb9] is not eligible for getting processed by all BeanPostProcessors (for example: not eligible for auto-proxying)
19:33:14.920 14546 [main] INFO  o.s.b.c.e.t.TomcatEmbeddedServletContainer - Tomcat initialized with port(s): 9090 (http)
19:33:14.984 14610 [main] INFO  o.a.catalina.core.StandardService - Starting service Tomcat
19:33:14.992 14618 [main] INFO  o.a.catalina.core.StandardEngine - Starting Servlet Engine: Apache Tomcat/9.0.0.M6
19:33:19.953 19579 [localhost-startStop-1] INFO  o.apache.jasper.servlet.TldScanner - At least one JAR was scanned for TLDs yet contained no TLDs. Enable debug logging for this logger for a complete list of JARs that were scanned but no TLDs were found in them. Skipping unneeded JARs during scanning can improve startup time and JSP compilation time.
19:33:20.816 20442 [localhost-startStop-1] INFO  o.a.c.c.C.[Tomcat].[localhost].[/] - Initializing Spring embedded WebApplicationContext
19:33:20.817 20443 [localhost-startStop-1] INFO  o.s.web.context.ContextLoader - Root WebApplicationContext: initialization completed in 16603 ms
19:33:21.690 21316 [localhost-startStop-1] INFO  o.s.b.c.e.FilterRegistrationBean - Mapping filter: 'characterEncodingFilter' to: [/*]
19:33:21.695 21321 [localhost-startStop-1] INFO  o.s.b.c.e.DelegatingFilterProxyRegistrationBean - Mapping filter: 'springSecurityFilterChain' to: [/*]
19:33:21.699 21325 [localhost-startStop-1] INFO  o.s.b.c.e.ServletRegistrationBean - Mapping servlet: 'dispatcherServlet' to [/]
19:33:23.354 22980 [localhost-startStop-1] INFO  o.s.j.d.DriverManagerDataSource - Loaded JDBC driver: org.postgresql.Driver
19:33:23.818 23444 [localhost-startStop-1] INFO  o.s.o.j.LocalContainerEntityManagerFactoryBean - Building JPA container EntityManagerFactory for persistence unit 'default'
19:33:23.943 23569 [localhost-startStop-1] INFO  o.h.jpa.internal.util.LogHelper - HHH000204: Processing PersistenceUnitInfo [
	name: default
	...]
19:33:24.267 23893 [localhost-startStop-1] INFO  org.hibernate.Version - HHH000412: Hibernate Core {5.1.0.Final}
19:33:24.273 23899 [localhost-startStop-1] INFO  org.hibernate.cfg.Environment - HHH000206: hibernate.properties not found
19:33:24.278 23904 [localhost-startStop-1] INFO  org.hibernate.cfg.Environment - HHH000021: Bytecode provider name : javassist
19:33:24.459 24085 [localhost-startStop-1] INFO  o.h.annotations.common.Version - HCANN000001: Hibernate Commons Annotations {5.0.1.Final}
19:33:25.383 25009 [localhost-startStop-1] INFO  org.hibernate.dialect.Dialect - HHH000400: Using dialect: org.hibernate.dialect.PostgreSQL94Dialect
19:33:26.124 25750 [localhost-startStop-1] INFO  o.h.e.j.e.i.LobCreatorBuilderImpl - HHH000424: Disabling contextual LOB creation as createClob() method threw error : java.lang.reflect.InvocationTargetException
19:33:26.133 25759 [localhost-startStop-1] INFO  o.hibernate.type.BasicTypeRegistry - HHH000270: Type registration [java.util.UUID] overrides previous : org.hibernate.type.UUIDBinaryType@773f500
19:33:28.534 28160 [localhost-startStop-1] INFO  o.h.h.i.QueryTranslatorFactoryInitiator - HHH000397: Using ASTQueryTranslatorFactory
19:33:31.518 31144 [localhost-startStop-1] INFO  o.s.s.w.DefaultSecurityFilterChain - Creating filter chain: org.springframework.security.web.util.matcher.AnyRequestMatcher@1, [org.springframework.security.web.context.request.async.WebAsyncManagerIntegrationFilter@3976d09, org.springframework.security.web.context.SecurityContextPersistenceFilter@240563d, org.springframework.security.web.header.HeaderWriterFilter@396b9b2c, org.springframework.security.web.authentication.logout.LogoutFilter@57b8794b, org.springframework.security.web.authentication.UsernamePasswordAuthenticationFilter@692c04c6, org.springframework.security.web.savedrequest.RequestCacheAwareFilter@60271008, org.springframework.security.web.servletapi.SecurityContextHolderAwareRequestFilter@c9e30de, org.springframework.security.web.authentication.AnonymousAuthenticationFilter@5284f17d, org.springframework.security.web.session.SessionManagementFilter@300c2331, org.springframework.security.web.access.ExceptionTranslationFilter@51b7d142, org.springframework.security.web.access.intercept.FilterSecurityInterceptor@1547caa3]
19:33:32.182 31808 [main] INFO  o.h.jpa.internal.util.LogHelper - HHH000204: Processing PersistenceUnitInfo [
	name: entityManager
	...]
19:33:32.396 32022 [main] WARN  org.hibernate.orm.connections - HHH10001002: Using Hibernate built-in connection pool (not for production use!)
19:33:32.400 32026 [main] INFO  org.hibernate.orm.connections - HHH10001005: using driver [org.postgresql.Driver] at URL [jdbc:postgresql://localhost/test]
19:33:32.402 32028 [main] INFO  org.hibernate.orm.connections - HHH10001001: Connection properties: {user=app, password=****}
19:33:32.403 32029 [main] INFO  org.hibernate.orm.connections - HHH10001003: Autocommit mode: false
19:33:32.422 32048 [main] INFO  o.h.e.j.c.i.DriverManagerConnectionProviderImpl - HHH000115: Hibernate connection pool size: 20 (min=1)
19:33:32.469 32095 [main] INFO  org.hibernate.dialect.Dialect - HHH000400: Using dialect: org.hibernate.dialect.PostgreSQL94Dialect
19:33:32.960 32586 [main] INFO  o.h.e.j.e.i.LobCreatorBuilderImpl - HHH000424: Disabling contextual LOB creation as createClob() method threw error : java.lang.reflect.InvocationTargetException
19:33:32.963 32589 [main] INFO  o.hibernate.type.BasicTypeRegistry - HHH000270: Type registration [java.util.UUID] overrides previous : org.hibernate.type.UUIDBinaryType@773f500
19:33:33.809 33435 [main] INFO  o.h.h.i.QueryTranslatorFactoryInitiator - HHH000397: Using ASTQueryTranslatorFactory
19:33:34.590 34216 [main] INFO  o.s.w.s.m.m.a.RequestMappingHandlerMapping - Mapped "{[/show_item],methods=[GET]}" onto public java.lang.String main.controller.ItemEditController.showItem(long,org.springframework.ui.ModelMap)
19:33:34.593 34219 [main] INFO  o.s.w.s.m.m.a.RequestMappingHandlerMapping - Mapped "{[/edit_item],methods=[POST]}" onto public java.lang.String main.controller.ItemEditController.editItem(main.model.entity.Item)
19:33:34.593 34219 [main] INFO  o.s.w.s.m.m.a.RequestMappingHandlerMapping - Mapped "{[/edit_item],methods=[GET]}" onto public java.lang.String main.controller.ItemEditController.editItem(long,org.springframework.ui.ModelMap)
19:33:34.594 34220 [main] INFO  o.s.w.s.m.m.a.RequestMappingHandlerMapping - Mapped "{[/add_item],methods=[POST]}" onto public java.lang.String main.controller.ItemEditController.addItem(main.model.entity.Item)
19:33:34.594 34220 [main] INFO  o.s.w.s.m.m.a.RequestMappingHandlerMapping - Mapped "{[/add_item],methods=[GET]}" onto public java.lang.String main.controller.ItemEditController.addItem(org.springframework.ui.ModelMap)
19:33:34.597 34223 [main] INFO  o.s.w.s.m.m.a.RequestMappingHandlerMapping - Mapped "{[/delete_item],methods=[POST]}" onto public java.lang.String main.controller.ItemEditController.deleteItem(long)
19:33:34.598 34224 [main] INFO  o.s.w.s.m.m.a.RequestMappingHandlerMapping - Mapped "{[/find_item],methods=[GET]}" onto public java.lang.String main.controller.ItemEditController.findItem(java.lang.String,org.springframework.ui.ModelMap)
19:33:34.603 34229 [main] INFO  o.s.w.s.m.m.a.RequestMappingHandlerMapping - Mapped "{[/items/{id}],methods=[GET]}" onto public main.model.entity.Item main.controller.ItemRestController.getItem(long) throws java.io.IOException
19:33:34.614 34240 [main] INFO  o.s.w.s.m.m.a.RequestMappingHandlerMapping - Mapped "{[/items],methods=[POST]}" onto public main.model.entity.Item main.controller.ItemRestController.addItem(main.model.entity.Item)
19:33:34.615 34241 [main] INFO  o.s.w.s.m.m.a.RequestMappingHandlerMapping - Mapped "{[/items/{id}],methods=[DELETE]}" onto public void main.controller.ItemRestController.deleteItem(long)
19:33:34.683 34309 [main] INFO  o.s.w.s.m.m.a.RequestMappingHandlerMapping - Mapped "{[/items],methods=[GET],produces=[application/json]}" onto public java.util.List<main.model.entity.Item> main.controller.ItemRestController.getAllItems() throws java.io.IOException
19:33:34.685 34311 [main] INFO  o.s.w.s.m.m.a.RequestMappingHandlerMapping - Mapped "{[/items],methods=[PUT]}" onto public void main.controller.ItemRestController.updateItem(main.model.entity.Item)
19:33:34.690 34316 [main] INFO  o.s.w.s.m.m.a.RequestMappingHandlerMapping - Mapped "{[/table],methods=[GET]}" onto public java.lang.String main.controller.ItemTableController.showItemTable(org.springframework.ui.ModelMap)
19:33:34.692 34318 [main] INFO  o.s.w.s.m.m.a.RequestMappingHandlerMapping - Mapped "{[/login],methods=[GET]}" onto public java.lang.String main.controller.LoginController.loginPage()
19:33:34.712 34338 [main] INFO  o.s.w.s.m.m.a.RequestMappingHandlerMapping - Mapped "{[/error]}" onto public org.springframework.http.ResponseEntity<java.util.Map<java.lang.String, java.lang.Object>> org.springframework.boot.autoconfigure.web.BasicErrorController.error(javax.servlet.http.HttpServletRequest)
19:33:34.751 34377 [main] INFO  o.s.w.s.m.m.a.RequestMappingHandlerMapping - Mapped "{[/error],produces=[text/html]}" onto public org.springframework.web.servlet.ModelAndView org.springframework.boot.autoconfigure.web.BasicErrorController.errorHtml(javax.servlet.http.HttpServletRequest,javax.servlet.http.HttpServletResponse)
19:33:34.918 34544 [main] INFO  o.s.w.s.h.SimpleUrlHandlerMapping - Root mapping to handler of type [class org.springframework.web.servlet.mvc.ParameterizableViewController]
19:33:35.034 34660 [main] INFO  o.s.w.s.h.SimpleUrlHandlerMapping - Mapped URL path [/pages/**] onto handler of type [class org.springframework.web.servlet.resource.ResourceHttpRequestHandler]
19:33:35.474 35100 [main] INFO  o.s.w.s.m.m.a.RequestMappingHandlerAdapter - Looking for @ControllerAdvice: org.springframework.boot.context.embedded.AnnotationConfigEmbeddedWebApplicationContext@634954e2: startup date [Thu Jan 05 19:33:04 EET 2017]; root of context hierarchy
19:33:37.385 37011 [main] INFO  o.s.j.e.a.AnnotationMBeanExporter - Registering beans for JMX exposure on startup
19:33:37.459 37085 [main] INFO  o.a.coyote.http11.Http11NioProtocol - Initializing ProtocolHandler ["http-nio-9090"]
19:33:37.500 37126 [main] INFO  o.a.coyote.http11.Http11NioProtocol - Starting ProtocolHandler [http-nio-9090]
19:33:37.563 37189 [main] INFO  o.a.tomcat.util.net.NioSelectorPool - Using a shared selector for servlet write/read
19:33:37.701 37327 [main] INFO  o.s.b.c.e.t.TomcatEmbeddedServletContainer - Tomcat started on port(s): 9090 (http)
19:33:37.730 37356 [main] INFO  main.Application - Started Application in 35.157 seconds (JVM running for 38.92)
19:34:49.843 109469 [http-nio-9090-exec-1] INFO  o.a.c.c.C.[Tomcat].[localhost].[/] - Initializing Spring FrameworkServlet 'dispatcherServlet'
19:34:49.844 109470 [http-nio-9090-exec-1] INFO  o.s.web.servlet.DispatcherServlet - FrameworkServlet 'dispatcherServlet': initialization started
19:34:49.885 109511 [http-nio-9090-exec-1] INFO  o.s.web.servlet.DispatcherServlet - FrameworkServlet 'dispatcherServlet': initialization completed in 41 ms
19:34:50.187 109813 [http-nio-9090-exec-1] INFO  main.controller.ItemRestController - [{"id":2,"name":"b"},{"id":3,"name":"c"},{"id":1,"name":"a"},{"id":32,"name":"abc"}]
19:34:52.691 112317 [http-nio-9090-exec-2] INFO  main.controller.ItemRestController - [{"id":2,"name":"b"},{"id":3,"name":"c"},{"id":1,"name":"a"},{"id":32,"name":"abc"}]
19:34:56.548 116174 [http-nio-9090-exec-3] INFO  main.controller.ItemRestController - [{"id":2,"name":"b"},{"id":3,"name":"c"},{"id":1,"name":"a"},{"id":32,"name":"abc"}]
19:34:57.517 117143 [http-nio-9090-exec-4] INFO  main.controller.ItemRestController - [{"id":2,"name":"b"},{"id":3,"name":"c"},{"id":1,"name":"a"},{"id":32,"name":"abc"}]
19:35:11.347 130973 [http-nio-9090-exec-6] INFO  main.controller.ItemRestController - [{"id":34,"name":"cba"},{"id":2,"name":"b"},{"id":3,"name":"c"},{"id":1,"name":"a"},{"id":32,"name":"abc"}]
19:35:12.963 132589 [http-nio-9090-exec-7] INFO  main.controller.ItemRestController - [{"id":34,"name":"cba"},{"id":2,"name":"b"},{"id":3,"name":"c"},{"id":1,"name":"a"},{"id":32,"name":"abc"}]
19:35:15.362 134988 [http-nio-9090-exec-8] INFO  main.controller.ItemRestController - [{"id":34,"name":"cba"},{"id":2,"name":"b"},{"id":3,"name":"c"},{"id":1,"name":"a"},{"id":32,"name":"abc"}]
19:35:16.692 136318 [http-nio-9090-exec-9] INFO  main.controller.ItemRestController - [{"id":34,"name":"cba"},{"id":2,"name":"b"},{"id":3,"name":"c"},{"id":1,"name":"a"},{"id":32,"name":"abc"}]
19:35:20.968 140594 [http-nio-9090-exec-10] INFO  main.controller.ItemRestController - [{"id":34,"name":"cba"},{"id":2,"name":"b"},{"id":3,"name":"c"},{"id":1,"name":"a"},{"id":32,"name":"abc"}]
19:35:22.611 142237 [http-nio-9090-exec-1] INFO  main.controller.ItemRestController - [{"id":34,"name":"cba"},{"id":2,"name":"b"},{"id":3,"name":"c"},{"id":1,"name":"a"},{"id":32,"name":"abc"}]
19:35:26.325 145951 [http-nio-9090-exec-2] INFO  main.controller.ItemRestController - [{"id":34,"name":"cba"},{"id":2,"name":"b"},{"id":3,"name":"c"},{"id":1,"name":"a"},{"id":32,"name":"abc"}]
19:35:30.922 150548 [http-nio-9090-exec-3] INFO  main.controller.ItemRestController - [{"id":34,"name":"cba"},{"id":2,"name":"b"},{"id":3,"name":"c"},{"id":1,"name":"a"},{"id":32,"name":"abc"}]
19:35:37.535 157161 [http-nio-9090-exec-4] INFO  main.controller.ItemRestController - [{"id":34,"name":"cba"},{"id":2,"name":"b"},{"id":3,"name":"c"},{"id":1,"name":"a"},{"id":32,"name":"abc"}]
19:35:41.731 161357 [http-nio-9090-exec-5] INFO  main.controller.ItemRestController - [{"id":34,"name":"cba"},{"id":2,"name":"b"},{"id":3,"name":"c"},{"id":1,"name":"a"},{"id":32,"name":"abc"}]
19:36:43.409 223035 [http-nio-9090-exec-7] INFO  main.controller.ItemRestController - [{"id":34,"name":"cba"},{"id":2,"name":"b"},{"id":3,"name":"c"},{"id":1,"name":"a"},{"id":32,"name":"abc"}]
19:36:44.184 223810 [http-nio-9090-exec-8] INFO  main.controller.ItemRestController - [{"id":34,"name":"cba"},{"id":2,"name":"b"},{"id":3,"name":"c"},{"id":1,"name":"a"},{"id":32,"name":"abc"}]
19:37:27.466 267092 [http-nio-9090-exec-9] INFO  main.controller.ItemRestController - [{"id":34,"name":"cba"},{"id":2,"name":"b"},{"id":3,"name":"c"},{"id":1,"name":"a"},{"id":32,"name":"abc"}]
19:37:33.043 272669 [http-nio-9090-exec-10] INFO  main.controller.ItemRestController - [{"id":34,"name":"cba"},{"id":2,"name":"b"},{"id":3,"name":"c"},{"id":1,"name":"a"},{"id":32,"name":"abc"}]
19:37:37.555 277181 [http-nio-9090-exec-1] INFO  main.controller.ItemRestController - [{"id":34,"name":"cba"},{"id":2,"name":"b"},{"id":3,"name":"c"},{"id":1,"name":"a"},{"id":32,"name":"abc"}]
19:37:40.120 279746 [http-nio-9090-exec-2] INFO  main.controller.ItemRestController - [{"id":34,"name":"cba"},{"id":2,"name":"b"},{"id":3,"name":"c"},{"id":1,"name":"a"},{"id":32,"name":"abc"}]
19:37:43.785 283411 [http-nio-9090-exec-3] INFO  main.controller.ItemRestController - [{"id":34,"name":"cba"},{"id":2,"name":"b"},{"id":3,"name":"c"},{"id":1,"name":"a"},{"id":32,"name":"abc"}]
19:40:15.905 435531 [http-nio-9090-exec-4] INFO  main.controller.ItemRestController - [{"id":34,"name":"cba"},{"id":2,"name":"b"},{"id":3,"name":"c"},{"id":1,"name":"a"},{"id":32,"name":"abc"}]
19:40:18.077 437703 [http-nio-9090-exec-5] INFO  main.controller.ItemRestController - [{"id":34,"name":"cba"},{"id":2,"name":"b"},{"id":3,"name":"c"},{"id":1,"name":"a"},{"id":32,"name":"abc"}]
19:41:40.003 519629 [Thread-3] INFO  o.s.b.c.e.AnnotationConfigEmbeddedWebApplicationContext - Closing org.springframework.boot.context.embedded.AnnotationConfigEmbeddedWebApplicationContext@634954e2: startup date [Thu Jan 05 19:33:04 EET 2017]; root of context hierarchy
19:41:40.019 519645 [Thread-3] INFO  o.s.j.e.a.AnnotationMBeanExporter - Unregistering JMX-exposed beans on shutdown
19:41:40.024 519650 [Thread-3] INFO  o.s.o.j.LocalContainerEntityManagerFactoryBean - Closing JPA EntityManagerFactory for persistence unit 'default'
20:08:30.563 1489 [main] INFO  main.Application - Starting Application on MacBook-Air-MacBook-2.local with PID 6878 (/Users/macbook/Dropbox/Projects/IdeaProjects/My/Spring/target/Spring.jar started by macbook in /Users/macbook/Dropbox/Projects/IdeaProjects/My/Spring/target)
20:08:30.571 1497 [main] INFO  main.Application - No active profile set, falling back to default profiles: default
20:08:30.679 1605 [main] INFO  o.s.b.c.e.AnnotationConfigEmbeddedWebApplicationContext - Refreshing org.springframework.boot.context.embedded.AnnotationConfigEmbeddedWebApplicationContext@634954e2: startup date [Thu Jan 05 20:08:30 EET 2017]; root of context hierarchy
20:08:31.603 2529 [background-preinit] INFO  o.h.validator.internal.util.Version - HV000001: Hibernate Validator 5.2.4.Final
20:08:33.123 4049 [main] INFO  o.s.b.f.a.AutowiredAnnotationBeanPostProcessor - JSR-330 'javax.inject.Inject' annotation found and supported for autowiring
20:08:33.352 4278 [main] INFO  o.s.c.s.PostProcessorRegistrationDelegate$BeanPostProcessorChecker - Bean 'org.springframework.security.config.annotation.configuration.ObjectPostProcessorConfiguration' of type [class org.springframework.security.config.annotation.configuration.ObjectPostProcessorConfiguration$$EnhancerBySpringCGLIB$$6b016e3a] is not eligible for getting processed by all BeanPostProcessors (for example: not eligible for auto-proxying)
20:08:33.381 4307 [main] INFO  o.s.c.s.PostProcessorRegistrationDelegate$BeanPostProcessorChecker - Bean 'objectPostProcessor' of type [class org.springframework.security.config.annotation.configuration.AutowireBeanFactoryObjectPostProcessor] is not eligible for getting processed by all BeanPostProcessors (for example: not eligible for auto-proxying)
20:08:33.383 4309 [main] INFO  o.s.c.s.PostProcessorRegistrationDelegate$BeanPostProcessorChecker - Bean 'org.springframework.security.access.expression.method.DefaultMethodSecurityExpressionHandler@5f2307c9' of type [class org.springframework.security.access.expression.method.DefaultMethodSecurityExpressionHandler] is not eligible for getting processed by all BeanPostProcessors (for example: not eligible for auto-proxying)
20:08:33.410 4336 [main] INFO  o.s.c.s.PostProcessorRegistrationDelegate$BeanPostProcessorChecker - Bean 'org.springframework.security.config.annotation.method.configuration.GlobalMethodSecurityConfiguration' of type [class org.springframework.security.config.annotation.method.configuration.GlobalMethodSecurityConfiguration$$EnhancerBySpringCGLIB$$8fd610ec] is not eligible for getting processed by all BeanPostProcessors (for example: not eligible for auto-proxying)
20:08:33.432 4358 [main] INFO  o.s.c.s.PostProcessorRegistrationDelegate$BeanPostProcessorChecker - Bean 'methodSecurityMetadataSource' of type [class org.springframework.security.access.method.DelegatingMethodSecurityMetadataSource] is not eligible for getting processed by all BeanPostProcessors (for example: not eligible for auto-proxying)
20:08:33.475 4401 [main] INFO  o.s.c.s.PostProcessorRegistrationDelegate$BeanPostProcessorChecker - Bean 'org.springframework.transaction.annotation.ProxyTransactionManagementConfiguration' of type [class org.springframework.transaction.annotation.ProxyTransactionManagementConfiguration$$EnhancerBySpringCGLIB$$d253a600] is not eligible for getting processed by all BeanPostProcessors (for example: not eligible for auto-proxying)
20:08:34.810 5736 [main] INFO  o.s.b.c.e.t.TomcatEmbeddedServletContainer - Tomcat initialized with port(s): 9090 (http)
20:08:34.836 5762 [main] INFO  o.a.catalina.core.StandardService - Starting service Tomcat
20:08:34.838 5764 [main] INFO  o.a.catalina.core.StandardEngine - Starting Servlet Engine: Apache Tomcat/9.0.0.M6
20:08:36.777 7703 [localhost-startStop-1] INFO  o.apache.jasper.servlet.TldScanner - At least one JAR was scanned for TLDs yet contained no TLDs. Enable debug logging for this logger for a complete list of JARs that were scanned but no TLDs were found in them. Skipping unneeded JARs during scanning can improve startup time and JSP compilation time.
20:08:37.089 8015 [localhost-startStop-1] INFO  o.a.c.c.C.[Tomcat].[localhost].[/] - Initializing Spring embedded WebApplicationContext
20:08:37.090 8016 [localhost-startStop-1] INFO  o.s.web.context.ContextLoader - Root WebApplicationContext: initialization completed in 6411 ms
20:08:37.406 8332 [localhost-startStop-1] INFO  o.s.b.c.e.FilterRegistrationBean - Mapping filter: 'characterEncodingFilter' to: [/*]
20:08:37.408 8334 [localhost-startStop-1] INFO  o.s.b.c.e.DelegatingFilterProxyRegistrationBean - Mapping filter: 'springSecurityFilterChain' to: [/*]
20:08:37.409 8335 [localhost-startStop-1] INFO  o.s.b.c.e.ServletRegistrationBean - Mapping servlet: 'dispatcherServlet' to [/]
20:08:38.072 8998 [localhost-startStop-1] INFO  o.s.j.d.DriverManagerDataSource - Loaded JDBC driver: org.postgresql.Driver
20:08:38.232 9158 [localhost-startStop-1] INFO  o.s.o.j.LocalContainerEntityManagerFactoryBean - Building JPA container EntityManagerFactory for persistence unit 'default'
20:08:38.266 9192 [localhost-startStop-1] INFO  o.h.jpa.internal.util.LogHelper - HHH000204: Processing PersistenceUnitInfo [
	name: default
	...]
20:08:38.407 9333 [localhost-startStop-1] INFO  org.hibernate.Version - HHH000412: Hibernate Core {5.1.0.Final}
20:08:38.410 9336 [localhost-startStop-1] INFO  org.hibernate.cfg.Environment - HHH000206: hibernate.properties not found
20:08:38.412 9338 [localhost-startStop-1] INFO  org.hibernate.cfg.Environment - HHH000021: Bytecode provider name : javassist
20:08:38.483 9409 [localhost-startStop-1] INFO  o.h.annotations.common.Version - HCANN000001: Hibernate Commons Annotations {5.0.1.Final}
20:08:38.916 9842 [localhost-startStop-1] INFO  org.hibernate.dialect.Dialect - HHH000400: Using dialect: org.hibernate.dialect.PostgreSQL94Dialect
20:08:39.207 10133 [localhost-startStop-1] INFO  o.h.e.j.e.i.LobCreatorBuilderImpl - HHH000424: Disabling contextual LOB creation as createClob() method threw error : java.lang.reflect.InvocationTargetException
20:08:39.210 10136 [localhost-startStop-1] INFO  o.hibernate.type.BasicTypeRegistry - HHH000270: Type registration [java.util.UUID] overrides previous : org.hibernate.type.UUIDBinaryType@3482231f
20:08:40.122 11048 [localhost-startStop-1] INFO  o.h.h.i.QueryTranslatorFactoryInitiator - HHH000397: Using ASTQueryTranslatorFactory
20:08:41.258 12184 [localhost-startStop-1] INFO  o.s.s.w.DefaultSecurityFilterChain - Creating filter chain: org.springframework.security.web.util.matcher.AnyRequestMatcher@1, [org.springframework.security.web.context.request.async.WebAsyncManagerIntegrationFilter@7e9c3238, org.springframework.security.web.context.SecurityContextPersistenceFilter@7e3cb06c, org.springframework.security.web.header.HeaderWriterFilter@9af309d, org.springframework.security.web.authentication.logout.LogoutFilter@5bb2beb6, org.springframework.security.web.authentication.UsernamePasswordAuthenticationFilter@7fd7f0c3, org.springframework.security.web.savedrequest.RequestCacheAwareFilter@51d0fcda, org.springframework.security.web.servletapi.SecurityContextHolderAwareRequestFilter@23f6d9d2, org.springframework.security.web.authentication.AnonymousAuthenticationFilter@30118aeb, org.springframework.security.web.session.SessionManagementFilter@7f42c8be, org.springframework.security.web.access.ExceptionTranslationFilter@6a1188e4, org.springframework.security.web.access.intercept.FilterSecurityInterceptor@1617c452]
20:08:41.564 12490 [main] INFO  o.h.jpa.internal.util.LogHelper - HHH000204: Processing PersistenceUnitInfo [
	name: entityManager
	...]
20:08:41.638 12564 [main] WARN  org.hibernate.orm.connections - HHH10001002: Using Hibernate built-in connection pool (not for production use!)
20:08:41.641 12567 [main] INFO  org.hibernate.orm.connections - HHH10001005: using driver [org.postgresql.Driver] at URL [jdbc:postgresql://localhost/test]
20:08:41.641 12567 [main] INFO  org.hibernate.orm.connections - HHH10001001: Connection properties: {user=app, password=****}
20:08:41.641 12567 [main] INFO  org.hibernate.orm.connections - HHH10001003: Autocommit mode: false
20:08:41.647 12573 [main] INFO  o.h.e.j.c.i.DriverManagerConnectionProviderImpl - HHH000115: Hibernate connection pool size: 20 (min=1)
20:08:41.665 12591 [main] INFO  org.hibernate.dialect.Dialect - HHH000400: Using dialect: org.hibernate.dialect.PostgreSQL94Dialect
20:08:41.836 12762 [main] INFO  o.h.e.j.e.i.LobCreatorBuilderImpl - HHH000424: Disabling contextual LOB creation as createClob() method threw error : java.lang.reflect.InvocationTargetException
20:08:41.838 12764 [main] INFO  o.hibernate.type.BasicTypeRegistry - HHH000270: Type registration [java.util.UUID] overrides previous : org.hibernate.type.UUIDBinaryType@3482231f
20:08:42.209 13135 [main] INFO  o.h.h.i.QueryTranslatorFactoryInitiator - HHH000397: Using ASTQueryTranslatorFactory
20:08:42.536 13462 [main] INFO  o.s.w.s.m.m.a.RequestMappingHandlerMapping - Mapped "{[/edit_item],methods=[POST]}" onto public java.lang.String main.controller.ItemEditController.editItem(main.model.entity.Item)
20:08:42.537 13463 [main] INFO  o.s.w.s.m.m.a.RequestMappingHandlerMapping - Mapped "{[/edit_item],methods=[GET]}" onto public java.lang.String main.controller.ItemEditController.editItem(long,org.springframework.ui.ModelMap)
20:08:42.538 13464 [main] INFO  o.s.w.s.m.m.a.RequestMappingHandlerMapping - Mapped "{[/show_item],methods=[GET]}" onto public java.lang.String main.controller.ItemEditController.showItem(long,org.springframework.ui.ModelMap)
20:08:42.538 13464 [main] INFO  o.s.w.s.m.m.a.RequestMappingHandlerMapping - Mapped "{[/delete_item],methods=[POST]}" onto public java.lang.String main.controller.ItemEditController.deleteItem(long)
20:08:42.538 13464 [main] INFO  o.s.w.s.m.m.a.RequestMappingHandlerMapping - Mapped "{[/add_item],methods=[GET]}" onto public java.lang.String main.controller.ItemEditController.addItem(org.springframework.ui.ModelMap)
20:08:42.554 13480 [main] INFO  o.s.w.s.m.m.a.RequestMappingHandlerMapping - Mapped "{[/add_item],methods=[POST]}" onto public java.lang.String main.controller.ItemEditController.addItem(main.model.entity.Item)
20:08:42.555 13481 [main] INFO  o.s.w.s.m.m.a.RequestMappingHandlerMapping - Mapped "{[/find_item],methods=[GET]}" onto public java.lang.String main.controller.ItemEditController.findItem(java.lang.String,org.springframework.ui.ModelMap)
20:08:42.557 13483 [main] INFO  o.s.w.s.m.m.a.RequestMappingHandlerMapping - Mapped "{[/items/{id}],methods=[DELETE]}" onto public void main.controller.ItemRestController.deleteItem(long)
20:08:42.562 13488 [main] INFO  o.s.w.s.m.m.a.RequestMappingHandlerMapping - Mapped "{[/items],methods=[POST]}" onto public main.model.entity.Item main.controller.ItemRestController.addItem(main.model.entity.Item)
20:08:42.563 13489 [main] INFO  o.s.w.s.m.m.a.RequestMappingHandlerMapping - Mapped "{[/items],methods=[GET],produces=[application/json]}" onto public java.util.List<main.model.entity.Item> main.controller.ItemRestController.getAllItems() throws java.io.IOException
20:08:42.599 13525 [main] INFO  o.s.w.s.m.m.a.RequestMappingHandlerMapping - Mapped "{[/items],methods=[PUT]}" onto public void main.controller.ItemRestController.updateItem(main.model.entity.Item)
20:08:42.599 13525 [main] INFO  o.s.w.s.m.m.a.RequestMappingHandlerMapping - Mapped "{[/items/{id}],methods=[GET]}" onto public main.model.entity.Item main.controller.ItemRestController.getItem(long) throws java.io.IOException
20:08:42.602 13528 [main] INFO  o.s.w.s.m.m.a.RequestMappingHandlerMapping - Mapped "{[/table],methods=[GET]}" onto public java.lang.String main.controller.ItemTableController.showItemTable(org.springframework.ui.ModelMap)
20:08:42.606 13532 [main] INFO  o.s.w.s.m.m.a.RequestMappingHandlerMapping - Mapped "{[/login],methods=[GET]}" onto public java.lang.String main.controller.LoginController.loginPage()
20:08:42.614 13540 [main] INFO  o.s.w.s.m.m.a.RequestMappingHandlerMapping - Mapped "{[/error]}" onto public org.springframework.http.ResponseEntity<java.util.Map<java.lang.String, java.lang.Object>> org.springframework.boot.autoconfigure.web.BasicErrorController.error(javax.servlet.http.HttpServletRequest)
20:08:42.634 13560 [main] INFO  o.s.w.s.m.m.a.RequestMappingHandlerMapping - Mapped "{[/error],produces=[text/html]}" onto public org.springframework.web.servlet.ModelAndView org.springframework.boot.autoconfigure.web.BasicErrorController.errorHtml(javax.servlet.http.HttpServletRequest,javax.servlet.http.HttpServletResponse)
20:08:42.685 13611 [main] INFO  o.s.w.s.h.SimpleUrlHandlerMapping - Root mapping to handler of type [class org.springframework.web.servlet.mvc.ParameterizableViewController]
20:08:42.725 13651 [main] INFO  o.s.w.s.h.SimpleUrlHandlerMapping - Mapped URL path [/pages/**] onto handler of type [class org.springframework.web.servlet.resource.ResourceHttpRequestHandler]
20:08:42.885 13811 [main] INFO  o.s.w.s.m.m.a.RequestMappingHandlerAdapter - Looking for @ControllerAdvice: org.springframework.boot.context.embedded.AnnotationConfigEmbeddedWebApplicationContext@634954e2: startup date [Thu Jan 05 20:08:30 EET 2017]; root of context hierarchy
20:08:43.671 14597 [main] INFO  o.s.j.e.a.AnnotationMBeanExporter - Registering beans for JMX exposure on startup
20:08:43.726 14652 [main] INFO  o.a.coyote.http11.Http11NioProtocol - Initializing ProtocolHandler ["http-nio-9090"]
20:08:43.760 14686 [main] INFO  o.a.coyote.http11.Http11NioProtocol - Starting ProtocolHandler [http-nio-9090]
20:08:43.814 14740 [main] INFO  o.a.tomcat.util.net.NioSelectorPool - Using a shared selector for servlet write/read
20:08:43.901 14827 [main] INFO  o.s.b.c.e.t.TomcatEmbeddedServletContainer - Tomcat started on port(s): 9090 (http)
20:08:43.921 14847 [main] INFO  main.Application - Started Application in 13.841 seconds (JVM running for 15.641)
20:10:56.915 147841 [http-nio-9090-exec-1] INFO  o.a.c.c.C.[Tomcat].[localhost].[/] - Initializing Spring FrameworkServlet 'dispatcherServlet'
20:10:56.916 147842 [http-nio-9090-exec-1] INFO  o.s.web.servlet.DispatcherServlet - FrameworkServlet 'dispatcherServlet': initialization started
20:10:56.950 147876 [http-nio-9090-exec-1] INFO  o.s.web.servlet.DispatcherServlet - FrameworkServlet 'dispatcherServlet': initialization completed in 34 ms
20:11:10.218 161144 [http-nio-9090-exec-2] INFO  main.controller.ItemRestController - [{"id":34,"name":"cba"},{"id":2,"name":"b"},{"id":3,"name":"c"},{"id":1,"name":"a"},{"id":32,"name":"abc"}]
20:14:01.565 332491 [http-nio-9090-exec-3] INFO  main.controller.ItemRestController - [{"id":34,"name":"cba"},{"id":2,"name":"b"},{"id":3,"name":"c"},{"id":1,"name":"a"},{"id":32,"name":"abc"}]
20:14:47.539 378465 [http-nio-9090-exec-4] INFO  main.controller.ItemRestController - [{"id":34,"name":"cba"},{"id":2,"name":"b"},{"id":3,"name":"c"},{"id":1,"name":"a"},{"id":32,"name":"abc"}]
20:14:59.621 390547 [http-nio-9090-exec-5] INFO  main.controller.ItemRestController - [{"id":34,"name":"cba"},{"id":2,"name":"b"},{"id":3,"name":"c"},{"id":1,"name":"a"},{"id":32,"name":"abc"}]
20:15:25.893 416819 [Thread-3] INFO  o.s.b.c.e.AnnotationConfigEmbeddedWebApplicationContext - Closing org.springframework.boot.context.embedded.AnnotationConfigEmbeddedWebApplicationContext@634954e2: startup date [Thu Jan 05 20:08:30 EET 2017]; root of context hierarchy
20:15:25.902 416828 [Thread-3] INFO  o.s.j.e.a.AnnotationMBeanExporter - Unregistering JMX-exposed beans on shutdown
20:15:25.908 416834 [Thread-3] INFO  o.s.o.j.LocalContainerEntityManagerFactoryBean - Closing JPA EntityManagerFactory for persistence unit 'default'
